[   0.00000] Initliing rop susy cpuset
[    0.000000] Iitalzing cgrupubys cp
   000000]niialiin coup ubs puact    0.00000Linu version .40-11-geric(bld@lgw1-d6-021) gc vrsio 5.0201660(Uuntu .4-6bunt1~.0.9)  #0-bunt SP on Fe 12 21:23:04 UTC 2018 (Ubuntu 4.4.0-116.140-generic 4.4.98)
[    0.0000] Coma lne: OTMAGE/bot/vinz-4..016geneic rotLABE=cudmg-rot r conoltt1 coso=tyS0[  0.000] ERNE spotecp:
[    .00000  ntelenneIntel[   0.0000   AMD AuthenticAD
[   0.000000]   Centaur CentaurHauls
[    0.000000] x86/fpu: xstte_ofs[2:  56,statsis[2]  56
[   0.00] x8/f: uppoti XAVE eare0x01 '7 loatngoit regsts'
[   00000]x8fp: Supoin XSAE atre0x: SSE egtes'
    0.000000] x86/fp Spporting XAV fature 004'AX reisrs
[  0000000]86/fpuEnabld tae fetus x7, onxtsize s 2 ytes ung 'stanar' foma
[   0.000] x6/u:Usin 'zy FPUcoex swich.
[  .00000 e20 BIOS-provided physical RAM map:
[    0.000000] BIOS-e20 [em 0000000000000-00000000fbf] uabe
    .000] BOS82: [mem x00000009f0-0x00000009ff] esved[  0.000] IOe8: [m 000000000000-0x000000fff]reserved
[   000000] BIOS-e820: [mem 0x0000000000100000-0000000ffff] usbl
    0.00000] BIOS-e20 [me 0000000ff00-0000003fffff API dta[    .000] BIOS-e20[mm 0x00000fc0000-000000f00ff] esrved
[   00000]IO-e82: em0x0000000ee0000-0x00000fee0ff rservd[    .000] BIS-20 [me 0000000ff00-0x00000ffffff] seved[  0.0000] N (ecut Dabe) pottin: atie
[  0.00000SMIOS .5preent.
[   000000 Hyperviordetected: KVM
[    0.000000] e820: last_fn= x3fffmax_rcpf = 0x400000000
[    0.000]MTRR Dabed
  0.0000] 6/AT: TR dsabd,kippin P initiliatin o.
[    00000 CPUMTs ll ban- iruazed syte
[   .0000] 6/AT: onigraio [7] WB WTUC UC W WT UCUC 
[  000000]fod MP Mtae at[m 00009f0x0009ff mppedatfff88000ff0]
  0.0000] aning 1 re forlomeory orpton
  0.00000 RMDSK [m x36c20-x3758f]
[   00000] CP Erly ab cecksu vifccatonisbled
  0.00000] CP RDP 0000000E00 0002(v2 VBX )[   0.000] AC: DT 0000003FF00 0003C(v1 BOX   VBOXXSDT 00000001 AL 00000061)
[    0.000000] ACPI: FACP 0x000000003FFF00F0 0000F4 (v04 VBOX   VBXFACP 0000 ASL 00061)[  0.000 ACPIDS 0x0000003FFF047 01F (02BO   VOXOS 00002 ITL010528
[   0.00000]CPI: FAC0x000000FF20 0000
   0.000 ACP: CS 0x00000000FFF0200 000040
[    0.0000]ACPI AC x000003FF024 0005(v02 BO  BOAPC 000001 AL 000061)
[   0000] CPI:SS 00000003FF02A0 00C v01 BO  BOXCT 00002 TL20100528)
[    0.0000No NMAoniguriofound[  0.00000 Fking a node at [mem 0x0000000000000000-0x000000003ffeffff]
[    0.000000] NODE_DATA(0) allocated [mem 0x3ffeb000-0x3ffeffff]
[    0.000000] kvm-clock: Using msrs 4b564d01 and 4b564d00
[    0.000000] kvm-clock: cpu 0, msr 0:3fe001, primary cpu clock
[    0.000000] kvm-clock: using sched offset of 3338840037 cycles
[    0.000000] clocksource: kvm-clock: mask: 0xffffffffffffffff max_cycles: 0x1cd42e4dffb, max_idle_s: 881505143 ns
[  0000000]Zo rnges
    000000] DM    [m 00000000000010-0x0000000000ffffff
   0.00000  MA32    [mm 00000001000-0x00003ffff]
[   0.000000]   Norma  empt
[   .00000  evic  mpy
[    0.000000] Movable zone start for each node
[    0.000000] Early memory node ranges
[    0.000000]   node   0: [mem 0x0000000000001000-0x000000000009efff]
[    0.000000]   node   0: [mm x0000000100000-0x000000003ffeffff]
[   .000000 Itmem setp de0 [memx0000000100-0x00003ffeff
    .000] ACPIPMTime IPot: 040
    .000] IOIC]: aicd , veio32, ddss0xfe000,GSI -2
[   0.000] APIINT_SR_O (bus 0buir 0 lol_rq  d dl)
  0.0000] PI IT_SRC_O (bus 0 usrq9 glbair 9 lo lel)
[   .00000Usng API(MADT) orMPconfiguration information
  0.0000]smboot Allwi 2CPs, htplugCPs
    0.000000] PM: Registerednosave memory: me 0x000000x0000f]
[    0.000000 PM:Restere nosvememoy:me 0x00900-00009ff
    .000] PM Riserednoav memry[mm 0x00a000-00effff
   0.000] M: Regstednosae moy: [em0x00f0000x000fff
    .000] e80:[mem 040000-0xebff] avlae fo P dvice
   0.0000Booting paravirtualized rnl n KV
    .000] clocksorc rfine-jffs: msk0xffff mx_cyle 0ffff, ma_ie_ns: 7645519600211568 ns
[    0.000000] setup_percpu: NR_CPUS:512 n_cumskbits51nr_cpuid2 r_noe_s:
[   00000]PEPU Embdd 3 pags/u ffff80fc0000s944r819 d52 u10486[   0.000]PVspnlock hash tabe tres: 6 orde: , 406 te)[  0.00000] Built 1 zonelitsin Node orermobiitgrupin o  otalag: 257913
[   00000] Policzo: DM32[    .0000]Keel command line: BOOT_MAGE/bot/vin-4.4.016enerc otLABE=cudmg-rot r conoltt1 coso=tyS0
[   0000000] IDhah ableenie: 406 (order: 3, 376 bte
    0.000000] Memory 1168K/181K avalae (830kenel od 130K rwdat, 99K roda,508Kinit 131K bs, 6432 rered, 0K ca-esrv)
[   000000] SLUB: HWalig=6 Oder=0- MnObjct0,CPs= Ndes=1
[   00000]erel/Uer page tables ilaion:enbl
[   0.000]Hiarhica R iplemtaon.
[    0.000000] 	Build-time adjustment of leaf fanout to 64.
[    0.000000] 	RCU restricting CPU fm R_CPS=12to nr_puds2.
   0.0000] U:Adjusingemetr fr cu_fnot_laf64, r_pu_is=
[   0.0000 N_IRQ:324 n_iqs:40 
[   0.000] Cnse:colour GA8025
  0.0000] nsle [y1] naled[   .0000 consoe tyS0 ebld
[  0000000] tsc: Detected 2494.228 MHz processor
[   23.861660] Calibrating delay loop (skipped) preset value.. 4988.45 BogoMIPS (lpj=9976912)
[   23.875584] pid_max: default: 32768 minimum: 301
[   23.898804] ACPI: Core revision 20150930
[   23.905658] ACPI: 2 ACPI AML tables successfully acquired and loaded
[   23.938340] Security Framework initialized
[   23.996822] Yama: becoming mindful.
[   24.049510] AppArmor: AppArmor initialized
[   24.110674] Dentry cache hash table entries: 131072 (order: 8, 1048576 bytes)
[   24.236002] Inode-cache hash table entries: 65536 (order: 7, 524288 bytes)
[   24.349031] Mount-cache hash table entries: 2048 (order: 2, 16384 bytes)
[   24.466874] Mountpoint-cache hash table entries: 2048 (order: 2, 16384 bytes)
[   24.583719] Initializing cgroup subsys io
[   24.627586] Initializing cgroup subsys memory
[   24.664355] Initializing cgroup subsys devices
[   24.759973] Initializing cgroup subsys freezer
[   24.803988] Initializing cgroup subsys net_cls
[   24.861809] Initializing cgroup subsys perf_event
[   24.946660] Initializing cgroup subsys net_prio
[   24.975387] Initializing cgroup subsys hugetlb
[   25.007205] Initializing cgroup subsys pids
[   25.023044] CPU: Physical Processor ID: 0
[   25.030092] CPU: Processor Core ID: 0
[   25.047178] FEATURE SPEC_CTRL Not Present
[   25.088224] mce: CPU supports 0 MCE banks
[   25.113123] Last level iTLB entries: 4KB 1024, 2MB 1024, 4MB 1024
[   25.158293] Last level dTLB entries: 4KB 1024, 2MB 1024, 4MB 1024, 1GB 4
[   25.242675] Spectre V2 mitigation: Mitigation: Full generic retpoline
[   25.350602] Spectre V2 mitigation: Speculation control IBPB not-supported IBRS not-supported
[   25.489365] Freeing SMP alternatives memory: 32K
[   25.599116] ftrace: allocating 32186 entries in 126 pages
[   25.771635] smpboot: APIC(0) Converting physical 0 to logical package 0
[   25.817659] smpboot: Max logical packages: 1
[   25.905959] x2apic enabled
[   25.966153] Switched APIC routing to physical x2apic.
[   26.036761] ..TIMER: vector=0x30 apic1=0 pin1=2 apic2=-1 pin2=-1
[   26.245576] smpboot: CPU0: Intel(R) Core(TM) i5-4300U CPU @ 1.90GHz (family: 0x6, model: 0x45, stepping: 0x1)
[   26.326919] Performance Events: unsupported p6 CPU model 69 no PMU driver, software events only.
[   26.328782] KVM setup paravirtual spinlock
[   26.330369] x86: Booting SMP configuration:
[   26.368243] .... node  #0, CPUs:      #1
[   26.369273] kvm-clock: cpu 1, msr 0:3ffe3041, secondary cpu clock
[   26.373192] mce: CPU supports 0 MCE banks
[   26.384102] x86: Booted up 1 node, 2 CPUs
[   26.449072] smpboot: Total of 2 processors activated (9976.91 BogoMIPS)
[   26.506331] devtmpfs: initialized
[   26.552115] evm: security.selinux
[   26.604038] evm: security.SMACK64
[   26.637213] evm: security.SMACK64EXEC
[   26.681842] evm: security.SMACK64TRANSMUTE
[   26.736561] evm: security.SMACK64MMAP
[   26.782961] evm: security.ima
[   26.825863] evm: security.capability
[   26.870368] clocksource: jiffies: mask: 0xffffffff max_cycles: 0xffffffff, max_idle_ns: 7645041785100000 ns
[   27.008093] futex hash table entries: 512 (order: 3, 32768 bytes)
[   27.105913] pinctrl core: initialized pinctrl subsystem
[   27.175859] RTC time: 12:44:00, date: 03/12/18
[   27.227434] NET: Registered protocol family 16
[   27.267349] cpuidle: using governor ladder
[   27.301779] cpuidle: using governor menu
[   27.336767] PCCT header not found.
[   27.340030] ACPI: bus type PCI registered
[   27.361477] acpiphp: ACPI Hot Plug PCI Controller Driver version: 0.5
[   27.385137] PCI: Using configuration type 1 for base access
[   27.411675] ACPI: Added _OSI(Module Device)
[   27.438868] ACPI: Added _OSI(Processor Device)
[   27.447376] ACPI: Added _OSI(3.0 _SCP Extensions)
[   27.458131] ACPI: Added _OSI(Processor Aggregator Device)
[   27.523769] ACPI: Executed 1 blocks of module-level executable AML code
[   27.589964] ACPI: Interpreter enabled
[   27.595689] ACPI: (supports S0 S5)
[   27.596445] ACPI: Using IOAPIC for interrupt routing
[   27.658127] PCI: Using host bridge windows from ACPI; if necessary, use "pci=nocrs" and report a bug
[   27.682438] ACPI: PCI Root Bridge [PCI0] (domain 0000 [bus 00-ff])
[   27.687965] acpi PNP0A03:00: _OSC: OS supports [ASPM ClockPM Segments MSI]
[   27.689237] acpi PNP0A03:00: _OSC: not requesting OS control; OS requires [ExtendedConfig ASPM ClockPM MSI]
[   27.759709] acpi PNP0A03:00: fail to add MMCONFIG information, can't access extended PCI configuration space under this bridge.
[   27.913152] PCI host bridge to bus 0000:00
[   27.948169] pci_bus 0000:00: root bus resource [io  0x0000-0x0cf7 window]
[   28.035962] pci_bus 0000:00: root bus resource [io  0x0d00-0xffff window]
[   28.116063] pci_bus 0000:00: root bus resource [mem 0x000a0000-0x000bffff window]
[   28.200695] pci_bus 0000:00: root bus resource [mem 0x40000000-0xfdffffff window]
[   28.272435] pci_bus 0000:00: root bus resource [bus 00-ff]
[   28.331693] pci 0000:00:01.1: legacy IDE quirk: reg 0x10: [io  0x01f0-0x01f7]
[   28.366891] pci 0000:00:01.1: legacy IDE quirk: reg 0x14: [io  0x03f6]
[   28.371663] pci 0000:00:01.1: legacy IDE quirk: reg 0x18: [io  0x0170-0x0177]
[   28.397782] pci 0000:00:01.1: legacy IDE quirk: reg 0x1c: [io  0x0376]
[   28.422884] pci 0000:00:07.0: quirk: [io  0x4000-0x403f] claimed by PIIX4 ACPI
[   28.441444] pci 0000:00:07.0: quirk: [io  0x4100-0x410f] claimed by PIIX4 SMB
[   28.451065] ACPI: PCI Interrupt Link [LNKA] (IRQs 5 9 10 *11)
[   28.487853] ACPI: PCI Interrupt Link [LNKB] (IRQs 5 9 *10 11)
[   28.527228] ACPI: PCI Interrupt Link [LNKC] (IRQs 5 *9 10 11)
[   28.589874] ACPI: PCI Interrupt Link [LNKD] (IRQs 5 9 10 *11)
[   28.668768] ACPI: Enabled 2 GPEs in block 00 to 07
[   28.721658] vgaarb: setting as boot device: PCI:0000:00:02.0
[   28.818741] vgaarb: device added: PCI:0000:00:02.0,decodes=io+mem,owns=io+mem,locks=none
[   28.906465] vgaarb: loaded
[   28.927187] vgaarb: bridge control possible 0000:00:02.0
[   28.951389] SCSI subsystem initialized
[   28.969061] ACPI: bus type USB registered
[   28.983655] usbcore: registered new interface driver usbfs
[   29.019215] usbcore: registered new interface driver hub
[   29.026485] usbcore: registered new device driver usb
[   29.040392] PCI: Using ACPI for IRQ routing
[   29.043085] NetLabel: Initializing
[   29.045235] NetLabel:  domain hash size = 128
[   29.048862] NetLabel:  protocols = UNLABELED CIPSOv4
[   29.051032] NetLabel:  unlabeled traffic allowed by default
[   29.107469] amd_nb: Cannot enumerate AMD northbridges
[   29.140306] clocksource: Switched to clocksource kvm-clock
[   29.155131] AppArmor: AppArmor Filesystem Enabled
[   29.162308] pnp: PnP ACPI init
[  21653 p: P PIfod  dics
[ 29631]clksrc apipmma: ffffaxycs:xfff m_ide_ns 2085701024 ns
[   30.651961] NT:Restedrooc fil2
[   1.86] P taisd shab eri: 812 rdr:4,55 bes
[ 32116]TCbi hh blenie: 92orer: 5 1072 yts)
[  38458TC Hh bles configurd esblished 812 in81)
[  33.414] P hashtae trs:12 (order: 2,1684bys)[ 340346UDLi hh bl etris:51(ode: 2,63 bes
[ 343826] NET: Reisered protocol family 1
[  30155pc00:000: mingirt I/PC trasfs[ 35486]ci0000:01.: ctatngSAMA ngwoarnd
  6.258] npacininitramfs.
[   38.704314] Freeing initrd memory: 10844K
[   38.748289] RAPL PMU detected, API unit is 2^-32 Joules, 4 fixed counters 10737418240 ms ovfl timer
[   38.865119] hw unit of domain pp0-core 2^-0 Joules
[   38.907919] hw unit of domain package 2^-0 Joules
[   38.964911] hw unit of domain dram 2^-0 Joules
[   39.026123] hw unit of domain pp1-gpu 2^-0 Joules
[   39.078100] platform rtc_cmos: registered platform RTC device (no PNP device found)
[   31677 Sanngorowmeryorrution every 6 scods
[   39.789597] audit: initializing netlink subsys (disabled)
[   39.864894] audit: type=2000 audit(1520858629.646:1): initialized
[   39.983398] Initialise system trusted keyring
[   40.029339] HugeTLB registered 2 MB page size, pre-allocated 0 pages
[   40.076697] tsc: Refined TSC clocksource calibration: 2496.421 MHz
[   40.076701] clocksource: tsc: mask: 0xffffffffffffffff max_cycles: 0x23fc051eb10, max_idle_ns: 440795304371 ns
[   40.344706] zbud: loaded
[   40.350604] VFS: Disk quotas dquot_6.6.0
[   40.380256] VFS: Dquot-cache hash table entries: 512 (order 0, 4096 bytes)
[   40.385755] squashfs: version 4.0 (2009/01/31) Phillip Lougher
[   40.395198] fuse init (API version 7.23)
[   40.400777] Key type big_key registered
[   40.409674] Allocating IMA MOK and blacklist keyrings.
[   40.428558] Key type asymmetric registered
[   40.435147] Asymmetric key parser 'x509' registered
[   40.457364] Block layer SCSI generic (bsg) driver version 0.4 loaded (major 249)
[   40.568063] io scheduler noop registered
[   40.584912] io scheduler deadline registered (default)
[   40.642969] io scheduler cfq registered
[   40.698884] pci_hotplug: PCI Hot Plug PCI Core version: 0.5
[   40.765608] pciehp: PCI Express Hot Plug Controller Driver version: 0.4
[   40.858064] ACPI: AC Adapter [AC] (off-line)
[   40.988423] input: Power Button as /devices/LNXSYSTM:00/LNXPWRBN:00/input/input0
[   41.198630] ACPI: Power Button [PWRF]
[   41.213162] input: Sleep Button as /devices/LNXSYSTM:00/LNXSLPBN:00/input/input1
[   41.225179] ACPI: Sleep Button [SLPF]
[   41.270959] ACPI: Battery Slot [BAT0] (battery present)
[   41.277645] GHES: HEST is not enabled!
[   41.341746] Serial: 8250/16550 driver, 32 ports, IRQ sharing enabled
[   41.407796] 00:02: ttyS0 at I/O 0x3f8 (irq = 4, base_baud = 115200) is a 16550A
[   41.441999] Linux agpgart interface v0.103
[   41.445874] loop: module loaded
[   41.446592] scsi host0: ata_piix
[   41.446669] scsi host1: ata_piix
[   41.446714] ata1: PATA max UDMA/33 cmd 0x1f0 ctl 0x3f6 bmdma 0xd000 irq 14
[   41.446715] ata2: PATA max UDMA/33 cmd 0x170 ctl 0x376 bmdma 0xd008 irq 15
[   41.446815] libphy: Fixed MDIO Bus: probed
[   41.446818] tun: Universal TUN/TAP device driver, 1.6
[   41.446818] tun: (C) 1999-2004 Max Krasnyansky <maxk@qualcomm.com>
[   41.446881] PPP generic driver version 2.4.2
[   41.446946] ehci_hcd: USB 2.0 'Enhanced' Host Controller (EHCI) Driver
[   41.446951] ehci-pci: EHCI PCI platform driver
[   41.446961] ehci-platform: EHCI generic platform driver
[   41.446971] ohci_hcd: USB 1.1 'Open' Host Controller (OHCI) Driver
[   41.446975] ohci-pci: OHCI PCI platform driver
[   41.446986] ohci-platform: OHCI generic platform driver
[   41.446995] uhci_hcd: USB Universal Host Controller Interface driver
[   41.447060] i8042: PNP: PS/2 Controller [PNP0303:PS2K,PNP0f03:PS2M] at 0x60,0x64 irq 1,12
[   41.447632] serio: i8042 KBD port at 0x60,0x64 irq 1
[   41.447637] serio: i8042 AUX port at 0x60,0x64 irq 12
[   41.447777] mousedev: PS/2 mouse device common for all mice
[   41.448225] input: AT Translated Set 2 keyboard as /devices/platform/i8042/serio0/input/input2
[   41.448666] rtc_cmos rtc_cmos: rtc core: registered rtc_cmos as rtc0
[   41.448742] rtc_cmos rtc_cmos: alarms up to one day, 114 bytes nvram
[   41.448751] i2c /dev entries driver
[   41.448815] device-mapper: uevent: version 1.0.3
[   41.448887] device-mapper: ioctl: 4.34.0-ioctl (2015-10-28) initialised: dm-devel@redhat.com
[   41.448913] ledtrig-cpu: registered to indicate activity on CPUs
[   41.449275] NET: Registered protocol family 10
[   41.449455] NET: Registered protocol family 17
[   41.449468] Key type dns_resolver registered
[   41.449652] microcode: CPU0 sig=0x40651, pf=0x40, revision=0x0
[   41.451744] microcode: CPU1 sig=0x40651, pf=0x40, revision=0x0
[   41.451791] microcode: Microcode Update Driver: v2.01 <tigran@aivazian.fsnet.co.uk>, Peter Oruba
[   41.451966] registered taskstats version 1
[   41.451984] Loading compiled-in X.509 certificates
[   41.453152] Loaded X.509 cert 'Build time autogenerated kernel key: aa84f01984fbd529c105810b59e379d349698248'
[   41.453181] zswap: loaded using pool lzo/zbud
[   41.456122] Key type trusted registered
[   41.458894] Key type encrypted registered
[   41.458899] AppArmor: AppArmor sha1 policy hashing enabled
[   41.458902] ima: No TPM chip found, activating TPM-bypass!
[   41.458939] evm: HMAC attrs: 0x1
[   41.459196]   Magic number: 10:837:733
[   41.464091] rtc_cmos rtc_cmos: setting system clock to 2018-03-12 12:44:14 UTC (1520858654)
[   41.464243] BIOS EDD facility v0.16 2004-Jun-25, 0 devices found
[   41.464243] EDD information not available.
[   43.332124] Freeing unused kernel memory: 1508K
[   44.064544] Write protecting the kernel read-only data: 14336k
[   44.112639] Freeing unused kernel memory: 1700K
[   44.190395] Freeing unused kernel memory: 104K
Loading, please [   44.276520] random: systemd-udevd: uninitialized urandom read (16 bytes read, 4 bits of entropy available)
wait...
startin[   44.277199] random: udevadm: uninitialized urandom read (16 bytes read, 4 bits of entropy available)
g version 229
[   44.277220] random: udevadm: uninitialized urandom read (16 bytes read, 4 bits of entropy available)
[   44.285976] random: udevadm: uninitialized urandom read (16 bytes read, 4 bits of entropy available)
[   44.286018] random: udevadm: uninitialized urandom read (16 bytes read, 4 bits of entropy available)
[   44.286146] random: udevadm: uninitialized urandom read (16 bytes read, 4 bits of entropy available)
[   44.286224] random: udevadm: uninitialized urandom read (16 bytes read, 4 bits of entropy available)
[   44.286278] random: udevadm: uninitialized urandom read (16 bytes read, 4 bits of entropy available)
[   44.286325] random: udevadm: uninitialized urandom read (16 bytes read, 4 bits of entropy available)
[   44.286371] random: udevadm: uninitialized urandom read (16 bytes read, 4 bits of entropy available)
[   45.103299] Fusion MPT base driver 3.04.20
[   45.114883] Copyright (c) 1999-2008 LSI Corporation
[   45.117840] e1000: Intel(R) PRO/1000 Network Driver - version 7.3.21-k8-NAPI
[   45.140510] e1000: Copyright (c) 1999-2006 Intel Corporation.
[   45.186463] Fusion MPT SPI Host driver 3.04.20
[   45.234536] AVX2 version of gcm_enc/dec engaged.
[   45.310635] AES CTR mode by8 optimization enabled
[   45.387391] input: ImExPS/2 Generic Explorer Mouse as /devices/platform/i8042/serio1/input/input4
[   45.693176] e1000 0000:00:03.0 eth0: (PCI:33MHz:32-bit) 02:b2:c2:84:5d:d0
[   45.785658] e1000 0000:00:03.0 eth0: Intel(R) PRO/1000 Network Connection
[   45.853216] mptbase: ioc0: Initiating bringup
[   45.855196] e1000 0000:00:03.0 enp0s3: renamed from eth0
[   46.058987] ioc0: LSI53C1030 A0: Capabilities={Initiator}
[   47.007151] scsi host2: ioc0: LSI53C1030 A0, FwRev=00000000h, Ports=1, MaxQ=256, IRQ=20
[   48.099567] scsi 2:0:0:0: Direct-Access     VBOX     HARDDISK         1.0  PQ: 0 ANSI: 5
[   48.210629] scsi target2:0:0: Beginning Domain Validation
[   48.236735] floppy0: no floppy controllers found
[   48.260798] scsi target2:0:0: Domain Validation skipping write tests
[   48.281092] scsi target2:0:0: Ending Domain Validation
[   48.299315] scsi target2:0:0: asynchronous
[   48.313372] scsi 2:0:1:0: Direct-Access     VBOX     HARDDISK         1.0  PQ: 0 ANSI: 5
[   48.401991] scsi target2:0:1: Beginning Domain Validation
[   48.412994] scsi target2:0:1: Domain Validation skipping write tests
[   48.487677] scsi target2:0:1: Ending Domain Validation
[   48.557468] scsi target2:0:1: asynchronous
[   48.628392] sd 2:0:0:0: Attached scsi generic sg0 type 0
[   48.628866] sd 2:0:0:0: [sda] 20971520 512-byte logical blocks: (10.7 GB/10.0 GiB)
[   48.629525] sd 2:0:0:0: [sda] Write Protect is off
[   48.629815] sd 2:0:0:0: [sda] Incomplete mode parameterrdata
[   48.629820] sd 2:0:0:0: [sda] Assuming drive cache: write through
[   48.633123]  sda: sda1
[   48.635147] sd 2:0:0:0: [sda] Attached SCSI disk
[   49.094881] sd 2:0:1:0: [sdb] 20480 512-byte logical blocks: (10.5 MB/10.0 MiB)
[   49.191167] sd 2:0:1:0: Attached scsi generic sg1 type 0
[   49.287818] sd 2:0:1:0: [sdb] Write Protect is off
[   50.430265] sd 2:0:1:0: [sdb] Incomplete mode parameter data
[   51.657407] sd 2:0:1:0: [sdb] Assuming drive cache: wriie through
[   51.748512] sd 2:0:1:0: [sdb] Attached SCSI disk
Begin: Loading e[   53.401573] md: linear personality registered for level -1
ssential drivers[   53.515801] md: multipath personality registered for level -4
 ... [   53.627991] md: raid0 personality registered for level 0
[   53.725177] md: raid1 personality registered for level 1
[   53.856421] raid6: sse2x1   gen()  5120 MB/s
[   53.948326] raid6: sse2x1   xor()  5711 MB/s
[   54.068592] raid6: sse2x2   gen() 10856 MB/s
[   54.200550] raid6: sse2x2   xor()  7377 MB/s
[   54.340362] raid6: sse2x4   gen()  8115 MB/s
[   54.476352] raid6: sse2x4   xor()  3786 MB/s
[   54.609282] raid6: avx2x1   gen()  6412 MB/s
[   54.749077] raid6: avx2x2   gen()  5359 MB/s
[   54.877148] raid6: avx2x4   gen()  9393 MB/s
[   54.927045] raid6: using algorithm sse2x2 gen() 10856 MB/s
[   54.947062] raid6: .... xor() 7377 MB/s, rmw enabled
[   54.967053] raid6: using avx2x2 recovery algorithm
[   54.981330] xor: automatically using best checksumming function:
[   55.044743]    avx       : 14386.000 MB/sec
[   55.126245] async_tx: api initialized (async)
[   55.194064] md: raid6 personality registered for level 6
[   55.272490] md: raid5 personality registered for level 5
[   55.350126] md: raid4 personality registered for level 4
[   55.446404] md: raid10 personality registered for level 10
done.
Begin: Running /scripts/init-premount ... done.
Begin: Mounting root fil[   55.547753] Btrfs loaded
e system ... Begin: Running /scripts/local-top ... done.
Begin: Running /scripts/local-premount ... Scanning for Btrfs filesystems
done.
Warning: fsck no[   55.621674] EXT4-fs (sda1): mounted filesystem with ordered data mode. Opts: (null)
t present, so skipping root file system
done.
Begin: Running /scripts/local-bottom ... done.
Begin: Running /scripts/init-bottom ... done.
[   55.838031] systemd[1]: systemd 229 running in system mode. (+PAM +AUDIT +SELINUX +IMA +APPARMOR +SMACK +SYSVINIT +UTMP +LIBCRYPTSETUP +GCRYPT +GNUTLS +ACL +XZ -LZ4 +SECCOMP +BLKID +ELFUTILS +KMOD -IDN)
[   56.046961] systemd[1]: Detected virtualization oracle.
[   56.058094] systemd[1]: Detected architecture x86-64.

Welcome to [1mUbuntu 16.04.4 LTS[0m!

[   56.098104] systemd[1]: Set hostname to <ubuntu-xenial>.
[   56.353084] systemd[1]: Listening on Device-mapper event daemon FIFOs.
[[0;32m  OK  [0m] Listening on Device-mapper event daemon FIFOs.
[   56.525778] systemd[1]: Started Forward Password Requests to Wall Directory Watch.
[[0;32m  OK  [0m] Started Forward Password Requests to Wall Directory Watch.
[   56.705332] systemd[1]: Started Trigger resolvconf update for networkd DNS.
[[0;32m  OK  [0m] Started Trigger resolvconf update for networkd DNS.
[   56.802679] systemd[1]: Created slice User and Session Slice.
[[0;32m  OK  [0m] Created slice User and Session Slice.
[   56.949269] systemd[1]: Reached target Swap.
[[0;32m  OK  [0m] Reached target Swap.
[   57.098865] systemd[1]: Created slice System Slice.
[[0;32m  OK  [0m] Created slice System Slice.
[   57.250121] systemd[1]: Created slice system-serial\x2dgetty.slice.
[[0;32m  OK  [0m] Created slice system-serial\x2dgetty.slice.
[   57.302068] systemd[1]: Listening on /dev/initctl Compatibility Named Pipe.
[[0;32m  OK  [0m] Listening on /dev/initctl Compatibility Named Pipe.
[   57.365035] systemd[1]: Reached target User and Group Name Lookups.
[[0;32m  OK  [0m] Reached target User and Group Name Lookups.
[   57.423615] systemd[1]: Listening on LVM2 metadata daemon socket.
[[0;32m  OK  [0m] Listening on LVM2 metadata daemon socket.
[   57.585569] systemd[1]: Listening on udev Control Socket.
[[0;32m  OK  [0m] Listening on udev Control Socket.
[   57.741629] systemd[1]: Listening on Journal Socket.
[[0;32m  OK  [0m] Listening on Journal Socket.
[   57.889497] systemd[1]: Starting Monitoring of LVM2 mirrors, snapshots etc. using dmeventd or progress polling...
         Starting Monitoring of LVM2 mirrors... dmeventd or progress polling...
[   57.997514] systemd[1]: Mounting POSIX Message Queue File System...
         Mounting POSIX Message Queue File System...
[   58.116896] systemd[1]: Mounting Huge Pages File System...
         Mounting Huge Pages File System...
[   58.216974] systemd[1]: Starting Set console keymap...
         Starting Set console keymap...
[   58.324675] systemd[1]: Starting Create list of required static device nodes for the current kernel...
[   58.326101] random: nonblocking pool is initialized
         Starting Create list of required st... nodes for the current kernel...
[   58.492903] systemd[1]: Starting Load Kernel Modules...
         Starting Load Ke[   58.602825] Loading iSCSI transport class v2.0-870.
rnel Modules...
[   58.708842] systemd[1]: Starting Nameserver information manager...
         [   58.732707] iscsi: registered transport (tcp)
Starting Nameserver information manager...
[   58.768788] systemd[1]: Listening on udev Kernel Socket.
[[0;32m  OK  [0[   58.782481] iscsi: registered transport (iser)
m] Listening on udev Kernel Socket.
[  58.819282] systemd[1]: Set up automount Arbitrary Exectale File Formats File System Automount Point.

[[0;32m  OK  [0m] Set up automount Arbitrary Executab...ats File System Automount Point.
[   59.085001] systemd[1]: Mounting Debug File System...
         Mounting Debug File System...
[   9.02528] systemd[1]: Listening on Journal Audit Socket. [[0;32m  OK  [0m] Listening on Journal Audit Socket.
[  56625] std[: stning on Syslg ck. [[0;32m  OK  [0m] Listening on Syslog Socket.
[ 60605]systemd[1: Liteng on Journl ck (evog
[[0;32m  OK  [0m] Listening on Journal Socket (/dev/log).
[   61.101725] systemd[1]: Starting Journal Service...
         Starting Journal Service...
[   61.181529] systemd[1]: Reached target Encrypted Volumes.
[[0;32m  OK  [0m] Reached target Encrypted Volumes.
[   61.325231] systemd[1]: Starting Remount Root and Kernel File Systems...
         [   61.430066] EXT4-fs (sda1): re-mounted. Opts: (null)
Starting Remount Root and Kernel File Systems...
[  61.513841] sstem[1 LsteningonLV2 oldaonoct.

[[0;32m  OK  [0m] Listening on LVM2 poll daemon socket.
[   62.204749] systemd[1]: Starting Uncomplicated firewall...
         Starting Uncomplicated firewall...
[ 62332]ystemd[1: Reached tart lis.
[[0;32m  OK  [0m] Reached target Slices.
[ 63184917] sysem[1]:MoteDeg le Sstm.
[[0;32m  OK  [0m] Mounted Debug File System.
[   64.044418] systemd[1]: Montd POIXMesgeQueu Fleysm.
[[0;32m  OK  [0m] Mounted POSIX Message Queue File System.
[   64.582005]syemd[]:ouedugPas Fie yste.
[[0;32m  OK  [0m] Mounted Huge Pages File System.
[  620041]syem1] Sarted oual Srvice.
[[0;32m  OK  [0m] Started Journal Service.
[[0;32m  OK  [0m] Started Set console keymap.
[[0;32m  OK  [0m] Started Create list of required sta...ce nodes for the current kernel.
[[0;32m  OK  [0m] Started Load Kernel Modules.
[[0;32m  OK  [0m] Started Remount Root and Kernel File Systems.
[[0;32m  OK  [0m] Started Uncomplicated firewall.
[[0;32m  OK  [0m] Started Nameserver information manager.
[[0;32m  OK  [0m] Started LVM2 metadata daemon.
         Starting Initial cloud-init job (pre-networking)...
         Starting udev Coldplug all Devices...
         Starting Load/Save Random Seed...
         Starting Apply Kernel Variables...
         Mounting FUSE Control File System...
         Starting Create Static Device Nodes in /dev...
         Starting Flush Journal to Persistent Storage...
[[0;32m  OK  [0m] Mounted FUSE Control File System.
[[0;32m  OK  [0m] Started Load/Save Random Seed.
[[0;32m  OK  [0m] Started Apply Kernel Variables.
[[0;32m  OK  [0m] Started Create Static Device Nodes in /dev.
[[0;32m  OK  [0m] Started udev Coldplug all Devices.
[[0;32m  OK  [0m] Started Monitoring of LVM2 mirrors,...ng dmeventd or progress polling.
[[0;32m  OK  [0m] Started Flush Journal to Persistent Storage.
         Starting udev Kernel Device Manager...
[[0;32m  OK  [0m] Started udev Kernel Device Manager.
[[0;32m  OK  [0m] Reached target Local File Systems (Pre).
[[0;32m  OK  [0m] Reached target Local File Systems.
         Starting Tell Plymouth To Write Out Runtime Data...
         Starting Create Volatile Files and Directories...
         Starting LSB: AppArmor initialization...
         Starting Set console font and keymap...
[[0;32m  OK  [0m] Started Dispatch Password Requests to Console Directory Watch.
[[0;32m  OK  [0m] Started Tell Plymouth To Write Out Runtime Data.
[[0;32m  OK  [0m] Started Create Volatile Files and Directories.
[[0;32m  OK  [0m] Found device /dev/ttyS0.
         Starting Update UTMP about System Boot/Shutdown...
[[0;32m  OK  [0m] Reached target System Time Synchronized.
[[0;32m  OK  [0m] Started LSB: AppArmor initialization.
[[0;32m  OK  [0m] Started Update UTMP about System Boot/Shutdown.
[[0;32m  OK  [0m] Started Set console font and keymap.
[   39.428774] cloud-init[444]: Cloud-init v. 17.2 running 'init-local' at Mon, 12 Mar 2018 12:44:40 +0000. Up 39.00 seconds.
[[0;32m  OK  [0m] Started Initial cloud-init job (pre-networking).
[[0;32m  OK  [0m] Listening on Load/Save RF Kill Switch Status /dev/rfkill Watch.
[[0;32m  OK  [0m] Reached target Network (Pre).
[[0;32m  OK  [0m] Started ifup for enp0s3.
[[0;32m  OK  [0m] Created slice system-getty.slice.
         Starting Raise network interfaces...
[[0;32m  OK  [0m] Started Raise network interfaces.
         Starting Initial cloud-init job (metadata service crawler)...
[[0;32m  OK  [0m] Reached target Network.
[   42.725558] cloud-init[957]: Cloud-init v. 17.2 running 'init' at Mon, 12 Mar 2018 12:44:43 +0000. Up 42.31 seconds.
[   42.825821] cloud-init[957]: ci-info: +++++++++++++++++++++++++++++++++++++Net device info++++++++++++++++++++++++++++++++++++++
[   42.827093] cloud-init[957]: ci-info: +--------+------+----------------------------+---------------+-------+-------------------+
[[0;32m  OK  [0m] Started Initial cloud-init job (metadata service crawler).
[   42.827546] cloud-init[957]: ci-info: | Device |  Up  |          Address           |      Mask     | Scope |     Hw-Address    |
[   43.297358] cloud-init[957]: ci-info: +--------+------+----------------------------+---------------+-------+-------------------+
[   43.298382] cloud-init[957]: ci-info: | enp0s3 | True |         10.0.2.15          | 255.255.255.0 |   .   | 02:b2:c2:84:5d:d0 |
[[0;32m  OK  [0m] Reached target Cloud-config availability.
[   43.299070] cloud-init[957]: ci-info: | enp0s3 | True | fe80::b2:c2ff:fe84:5dd0/64 |       .       |  link | 02:b2:c2:84:5d:d0 |
[   43.586974] cloud-init[957]: ci-info: |   lo   | True |         127.0.0.1          |   255.0.0.0   |   .   |         .         |
[[0;32m  OK  [0m] Reached target System Initialization.
[   43.587515] cloud-init[957]: ci-info: |   lo   | True |          ::1/128           |       .       |  host |         .         |
[   43.954820] cloud-init[957]: ci-info: +--------+------+----------------------------+---------------+-------+-------------------+
[[0;32m  OK  [0m] Listening on D-Bus System Message Bus Socket.
[   43.955344] cloud-init[957]: ci-info: +++++++++++++++++++++++++++Route IPv4 info++++++++++++++++++++++++++++
[   44.318098] cloud-init[957]: ci-info: +-------+-------------+----------+---------------+-----------+-------+
[[0;32m  OK  [0m] Listening on UUID daemon activation socket.
[   44.318672] cloud-init[957]: ci-info: | Route | Destination | Gateway  |    Genmask    | Interface | Flags |
[   44.702508] cloud-init[957]: ci-info: +-------+-------------+----------+---------------+-----------+-------+
[   44.703750] cloud-init[957]: ci-info: |   0   |   0.0.0.0   | 10.0.2.2 |    0.0.0.0    |   enp0s3  |   UG  |
         Starting LXD - unix socket.
[   44.704478] cloud-init[957]: ci-info: |   1   |   10.0.2.0  | 0.0.0.0  | 255.255.255.0 |   enp0s3  |   U   |
[[0;32m  OK  [0m] Started Timer to automatically refresh installed snaps.
[   44.878023] cloud-init[957]: ci-info: +-------+-------------+----------+---------------+-----------+-------+
[[0;32m  OK  [0m] Started ACPI Events Check.
[[0;32m  OK  [0m] Reached target Paths.
[[0;32m  OK  [0m] Started Daily Cleanup of Temporary Directories.
[[0;32m  OK  [0m] Started Daily apt download activities.
[[0;32m  OK  [0m] Started Daily apt upgrade and clean activities.
[[0;32m  OK  [0m] Listening on ACPID Listen Socket.
[[0;32m  OK  [0m] Reached target Timers.
         Starting Socket activation for snappy daemon.
[[0;32m  OK  [0m] Reached target Network is Online.
         Starting iSCSI initiator daemon (iscsid)...
[[0;32m  OK  [0m] Listening on LXD - unix socket.
[[0;32m  OK  [0m] Listening on Socket activation for snappy daemon.
[[0;32m  OK  [0m] Started iSCSI initiator daemon (iscsid).
         Starting Login to default iSCSI targets...
[[0;32m  OK  [0m] Reached target Sockets.
[[0;32m  OK  [0m] Reached target Basic System.
         Starting System Logging Service...
[[0;32m  OK  [0m] Started Regular background program processing daemon.
         Starting Login Service...
         Starting LSB: Record successful boot for GRUB...
[[0;32m  OK  [0m] Started ACPI event daemon.
         Starting Snappy daemon...
[[0;32m  OK  [0m] Started D-Bus System Message Bus.
         Starting Apply the settings specified in cloud-config...
         Starting /etc/rc.local Compatibility...
         Starting LSB: MD monitoring daemon...
         Starting Accounts Service...
[[0;32m  OK  [0m] Started Unattended Upgrades Shutdown.
[[0;32m  OK  [0m] Started FUSE filesystem for LXC.
         Starting OpenBSD Secure Shell server...
[[0;32m  OK  [0m] Started Deferred execution scheduler.
         Starting LXD - container startup/shutdown...
[[0;32m  OK  [0m] Started System Logging Service.
[[0;32m  OK  [0m] Started Snappy daemon.
[[0;32m  OK  [0m] Started OpenBSD Secure Shell server.
[[0;32m  OK  [0m] Started /etc/rc.local Compatibility.
[[0;32m  OK  [0m] Started LXD - container startup/shutdown.
[[0;32m  OK  [0m] Started Login to default iSCSI targets.
[[0;32m  OK  [0m] Started LSB: Record successful boot for GRUB.
[[0;32m  OK  [0m] Started LSB: MD monitoring daemon.
[[0;32m  OK  [0m] Started Login Service.
         Starting Authenticate and Authorize Users to Run Privileged Tasks...
[[0;32m  OK  [0m] Reached target Remote File Systems (Pre).
[[0;32m  OK  [0m] Reached target Remote File Systems.
         Starting LSB: daemon to balance interrupts for SMP systems...
         Starting LSB: Set the CPU Frequency Scaling governor to "ondemand"...
         Starting Permit User Sessions...
[   46.915755] cloud-init[1038]: Cloud-init v. 17.2 running 'modules:config' at Mon, 12 Mar 2018 12:44:48 +0000. Up 46.72 seconds.
         Starting LSB: VirtualBox Linux Additions...
         Starting LSB: automatic crash report generation...
[[0;32m  OK  [0m] Started Apply the settings specified in cloud-config.
[[0;32m  OK  [0m] Started Permit User Sessions.
[[0;32m  OK  [0m] Started Authenticate and Authorize Users to Run Privileged Tasks.
[[0;32m  OK  [0m] Started Accounts Service.
[[0;32m  OK  [0m] Started LSB: Set the CPU Frequency Scaling governor to "ondemand".
         Starting Terminate Plymouth Boot Screen...
         Starting Hold until boot process finishes up...
[[0;32m  OK  [0m] Started LSB: daemon to balance interrupts for SMP systems.
[[0;32m  OK  [0m] Started LSB: VirtualBox Linux Additions.
[[0;32m  OK  [0m] Started LSB: automatic crash report generation.
[[0;32m  OK  [0m] Started Terminate Plymouth Boot Screen.
[[0;32m  OK  [0m] Started Hold until boot process finishes up.
[[0;32m  OK  [0m] Started Serial Getty on ttyS0.
[[0;32m  OK  [0m] Started Getty on tty1.
[[0;32m  OK  [0m] Reached target Login Prompts.
         Starting Set console scheme...
[[0;32m  OK  [0m] Reached target Multi-User System.
[[0;32m  OK  [0m] Reached target Graphical Interface.
         Starting Execute cloud user/final scripts...
         Starting Update UTMP about System Runlevel Changes...
[[0;32m  OK  [0m] Started Set console scheme.
[[0;32m  OK  [0m] Started Update UTMP about System Runlevel Changes.
[[0;32m  OK  [0m] Created slice User Slice of vagrant.
         Starting User Manager for UID 1000...
[[0;32m  OK  [0m] Started Session 1 of user vagrant.
[[0;32m  OK  [0m] Started User Manager for UID 1000.
[   48.425886] cloud-init[1184]: Cloud-init v. 17.2 running 'modules:final' at Mon, 12 Mar 2018 12:44:49 +0000. Up 48.19 seconds.
[   48.541306] cloud-init[1184]: Cloud-init v. 17.2 finished at Mon, 12 Mar 2018 12:44:49 +0000. Datasource DataSourceNoCloud [seed=/dev/sdb][dsmode=net].  Up 48.41 seconds
[[0;32m  OK  [0m] Started Execute cloud user/final scripts.
[[0;32m  OK  [0m] Reached target Cloud-init target.

Ubuntu 16.04.4 LTS ubuntu-xenial ttyS0

ubuntu-xenial login: 